<?xml version="1.0" encoding="UTF-8"?>
<!-- Generated by org.testng.reporters.JUnitXMLReporter -->
<testsuite ignored="0" hostname="DESKTOP-G40R6I1" failures="0" tests="7" name="Default test" time="99.249" errors="0" timestamp="2025-03-06T01:28:53 SGT">
  <testcase classname="run.Elements" name="textBoxM" time="68.296"/>
  <testcase classname="run.Elements" name="textBoxPage" time="0.73"/>
  <testcase classname="run.Elements" name="checkBoxM" time="1.542"/>
  <testcase classname="run.Elements" name="radioButtonM" time="0.303"/>
  <testcase classname="run.Elements" name="webTableM" time="2.722"/>
  <testcase classname="run.Elements" name="buttonM" time="0.777"/>
  <testcase classname="run.Elements" name="linkModule" time="24.785"/>
</testsuite> <!-- Default test -->
