<?xml version="1.0" encoding="UTF-8"?>
<!-- Generated by org.testng.reporters.JUnitXMLReporter -->
<testsuite ignored="0" hostname="DESKTOP-G40R6I1" failures="0" tests="4" name="Default test" time="146.679" errors="0" timestamp="2025-02-13T02:13:23 SGT">
  <testcase classname="run.Elements" name="textBoxM" time="142.077"/>
  <testcase classname="run.Elements" name="checkBoxM" time="1.362"/>
  <testcase classname="run.Elements" name="radioButtonM" time="0.357"/>
  <testcase classname="run.Elements" name="webTableM" time="2.837"/>
</testsuite> <!-- Default test -->
